<?xml version="1.0" encoding="UTF-8" ?>
<testsuites>
  <testsuite errors="1" failures="0" hostname="expresso2" id="0" name="ExerciseTest" package="" tests="2" time="0.126" timestamp="2010-01-27T11:37:11">
      <properties>
[...]
</properties>

      <testcase classname="ExerciseTest" name="testSthg" time="0.025">
          <error message="assert 1 == 2          |          false" type="org.codehaus.groovy.transform.powerassert.PowerAssertionError">Assertion failed: 

assert 1 == 2
         |
         false

	at org.codehaus.groovy.runtime.InvokerHelper.assertFailed(InvokerHelper.java:378)
	at org.codehaus.groovy.runtime.ScriptBytecodeAdapter.assertFailed(ScriptBytecodeAdapter.java:662)
	at ExerciseTest.testSthg(ExerciseTest.groovy:6)
</error>

      </testcase>

      <testcase classname="ExerciseTest" name="testParseMultiple" time="0.0010" />

      <system-out><![CDATA[]]></system-out>

      <system-err><![CDATA[]]></system-err>

  </testsuite>
</testsuites>
